2025-06-07 10:20:05,952 INFO  [org.jboss.modules] (main) JBoss Modules version 2.1.6.Final
2025-06-07 10:20:06,594 INFO  [org.jboss.msc] (main) JBoss MSC version 1.5.5.Final
2025-06-07 10:20:06,601 INFO  [org.jboss.threads] (main) JBoss Threads version 2.4.0.Final
2025-06-07 10:20:06,709 INFO  [org.jboss.as] (MSC service thread 1-1) WFLYSRV0049: WildFly 36.0.1.Final (WildFly Core 28.0.1.Final) starting
2025-06-07 10:20:06,710 DEBUG [org.jboss.as.config] (MSC service thread 1-1) Configured system properties:
	file.encoding = UTF-8
	file.separator = \
	java.awt.headless = true
	java.class.path = C:\Users\luizb\Documents\Estudos\JEE\wildfly-36.0.1.Final\jboss-modules.jar
	java.class.version = 65.0
	java.home = C:\Program Files\Java\jdk-21
	java.io.tmpdir = C:\Users\luizb\AppData\Local\Temp\
	java.library.path = C:\Program Files\Java\jdk-21\bin;C:\WINDOWS\Sun\Java\bin;C:\WINDOWS\system32;C:\WINDOWS;C:\Program Files\Common Files\Oracle\Java\javapath;C:\WINDOWS\system32;C:\WINDOWS;C:\WINDOWS\System32\Wbem;C:\WINDOWS\System32\WindowsPowerShell\v1.0\;C:\WINDOWS\System32\OpenSSH\;C:\Program Files\Git\cmd;C:\Program Files\Java\jdk-21\bin;C:\Program Files\Maven\apache-maven-3.9.9\bin;C:\Users\luizb\AppData\Local\Programs\Python\Launcher\;C:\Users\luizb\AppData\Local\Microsoft\WindowsApps;;.
	java.net.preferIPv4Stack = true
	java.runtime.name = Java(TM) SE Runtime Environment
	java.runtime.version = 21.0.7+8-LTS-245
	java.specification.name = Java Platform API Specification
	java.specification.vendor = Oracle Corporation
	java.specification.version = 21
	java.util.logging.manager = org.jboss.logmanager.LogManager
	java.vendor = Oracle Corporation
	java.vendor.url = https://java.oracle.com/
	java.vendor.url.bug = https://bugreport.java.com/bugreport/
	java.version = 21.0.7
	java.version.date = 2025-04-15
	java.vm.compressedOopsMode = 32-bit
	java.vm.info = mixed mode, sharing
	java.vm.name = Java HotSpot(TM) 64-Bit Server VM
	java.vm.specification.name = Java Virtual Machine Specification
	java.vm.specification.vendor = Oracle Corporation
	java.vm.specification.version = 21
	java.vm.vendor = Oracle Corporation
	java.vm.version = 21.0.7+8-LTS-245
	javax.management.builder.initial = org.jboss.as.jmx.PluggableMBeanServerBuilder
	jboss.home.dir = C:\Users\luizb\Documents\Estudos\JEE\wildfly-36.0.1.Final
	jboss.host.name = sexta-feira
	jboss.modules.system.pkgs = org.jboss.byteman
	jboss.node.name = sexta-feira
	jboss.qualified.host.name = sexta-feira
	jboss.server.base.dir = C:\Users\luizb\Documents\Estudos\JEE\wildfly-36.0.1.Final\standalone
	jboss.server.config.dir = C:\Users\luizb\Documents\Estudos\JEE\wildfly-36.0.1.Final\standalone\configuration
	jboss.server.data.dir = C:\Users\luizb\Documents\Estudos\JEE\wildfly-36.0.1.Final\standalone\data
	jboss.server.log.dir = C:\Users\luizb\Documents\Estudos\JEE\wildfly-36.0.1.Final\standalone\log
	jboss.server.name = sexta-feira
	jboss.server.persist.config = true
	jboss.server.temp.dir = C:\Users\luizb\Documents\Estudos\JEE\wildfly-36.0.1.Final\standalone\tmp
	jdk.debug = release
	jdk.serialFilter = maxbytes=10485760;maxdepth=128;maxarray=100000;maxrefs=300000
	line.separator = 

	logging.configuration = file:C:\Users\luizb\Documents\Estudos\JEE\wildfly-36.0.1.Final\standalone\configuration/logging.properties
	module.path = C:\Users\luizb\Documents\Estudos\JEE\wildfly-36.0.1.Final\modules
	native.encoding = Cp1252
	org.jboss.boot.log.file = C:\Users\luizb\Documents\Estudos\JEE\wildfly-36.0.1.Final\standalone\log\server.log
	org.jboss.resolver.warning = true
	os.arch = amd64
	os.name = Windows 11
	os.version = 10.0
	path.separator = ;
	program.name = standalone.bat
	stderr.encoding = cp850
	stdout.encoding = cp850
	sun.arch.data.model = 64
	sun.boot.library.path = C:\Program Files\Java\jdk-21\bin
	sun.cpu.endian = little
	sun.cpu.isalist = amd64
	sun.io.unicode.encoding = UnicodeLittle
	sun.java.command = C:\Users\luizb\Documents\Estudos\JEE\wildfly-36.0.1.Final\jboss-modules.jar -mp C:\Users\luizb\Documents\Estudos\JEE\wildfly-36.0.1.Final\modules org.jboss.as.standalone -Djboss.home.dir=C:\Users\luizb\Documents\Estudos\JEE\wildfly-36.0.1.Final
	sun.java.launcher = SUN_STANDARD
	sun.jnu.encoding = Cp1252
	sun.management.compiler = HotSpot 64-Bit Tiered Compilers
	sun.os.patch.level = 
	user.country = BR
	user.dir = C:\Users\luizb\Documents\Estudos\JEE\wildfly-36.0.1.Final\bin
	user.home = C:\Users\luizb
	user.language = pt
	user.name = luizb
	user.script = 
	user.timezone = America/Sao_Paulo
	user.variant = 
2025-06-07 10:20:06,711 DEBUG [org.jboss.as.config] (MSC service thread 1-1) VM Arguments: -Dprogram.name=standalone.bat -Xms64M -Xmx512M -Djava.net.preferIPv4Stack=true -Djboss.modules.system.pkgs=org.jboss.byteman -Djava.awt.headless=true -Djdk.serialFilter=maxbytes=10485760;maxdepth=128;maxarray=100000;maxrefs=300000 --add-exports=java.desktop/sun.awt=ALL-UNNAMED --add-exports=java.naming/com.sun.jndi.ldap=ALL-UNNAMED --add-exports=java.naming/com.sun.jndi.url.ldap=ALL-UNNAMED --add-exports=java.naming/com.sun.jndi.url.ldaps=ALL-UNNAMED --add-exports=jdk.naming.dns/com.sun.jndi.dns=ALL-UNNAMED --add-opens=java.base/java.lang=ALL-UNNAMED --add-opens=java.base/java.lang.invoke=ALL-UNNAMED --add-opens=java.base/java.lang.reflect=ALL-UNNAMED --add-opens=java.base/java.io=ALL-UNNAMED --add-opens=java.base/java.net=ALL-UNNAMED --add-opens=java.base/java.security=ALL-UNNAMED --add-opens=java.base/java.util=ALL-UNNAMED --add-opens=java.base/java.util.concurrent=ALL-UNNAMED --add-opens=java.management/javax.management=ALL-UNNAMED --add-opens=java.naming/javax.naming=ALL-UNNAMED -Dorg.jboss.boot.log.file=C:\Users\luizb\Documents\Estudos\JEE\wildfly-36.0.1.Final\standalone\log\server.log -Dlogging.configuration=file:C:\Users\luizb\Documents\Estudos\JEE\wildfly-36.0.1.Final\standalone\configuration/logging.properties 
2025-06-07 10:20:07,564 INFO  [org.wildfly.security] (Controller Boot Thread) ELY00001: WildFly Elytron version 2.6.4.Final
2025-06-07 10:20:08,285 INFO  [org.jboss.as.repository] (ServerService Thread Pool -- 18) WFLYDR0001: Content added at location C:\Users\luizb\Documents\Estudos\JEE\wildfly-36.0.1.Final\standalone\data\content\a4\86786c041c1821843b0a769100b65a2ffbd2a7\content
2025-06-07 10:20:08,315 INFO  [org.jboss.as.server] (Controller Boot Thread) WFLYSRV0039: Creating http management service using socket-binding (management-http)
2025-06-07 10:20:08,333 INFO  [org.xnio] (MSC service thread 1-6) XNIO version 3.8.16.Final
2025-06-07 10:20:08,339 INFO  [org.xnio.nio] (MSC service thread 1-6) XNIO NIO Implementation Version 3.8.16.Final
2025-06-07 10:20:08,385 INFO  [org.wildfly.extension.elytron.oidc._private] (ServerService Thread Pool -- 53) WFLYOIDC0001: Activating WildFly Elytron OIDC Subsystem
2025-06-07 10:20:08,387 INFO  [org.jboss.as.clustering.infinispan] (ServerService Thread Pool -- 55) WFLYCLINF0001: Activating Infinispan subsystem.
2025-06-07 10:20:08,390 INFO  [org.wildfly.extension.health] (ServerService Thread Pool -- 54) WFLYHEALTH0001: Activating Base Health Subsystem
2025-06-07 10:20:08,395 WARN  [org.jboss.as.txn] (ServerService Thread Pool -- 74) WFLYTX0013: The node-identifier attribute on the /subsystem=transactions is set to the default value. This is a danger for environments running multiple servers. Please make sure the attribute value is unique.
2025-06-07 10:20:08,396 INFO  [org.wildfly.extension.microprofile.jwt.smallrye] (ServerService Thread Pool -- 66) WFLYJWT0001: Activating MicroProfile JWT Subsystem
2025-06-07 10:20:08,398 INFO  [org.wildfly.extension.microprofile.config.smallrye] (ServerService Thread Pool -- 65) WFLYCONF0001: Activating MicroProfile Config Subsystem
2025-06-07 10:20:08,406 INFO  [org.jboss.as.jsf] (ServerService Thread Pool -- 62) WFLYJSF0007: Activated the following Jakarta Server Faces Implementations: [main]
2025-06-07 10:20:08,441 INFO  [org.wildfly.extension.io] (ServerService Thread Pool -- 56) WFLYIO001: Worker 'default' has auto-configured to 24 IO threads with 192 max task threads based on your 12 available processors
2025-06-07 10:20:08,444 INFO  [org.wildfly.extension.metrics] (ServerService Thread Pool -- 64) WFLYMETRICS0001: Activating Base Metrics Subsystem
2025-06-07 10:20:08,444 INFO  [org.jboss.as.naming] (ServerService Thread Pool -- 67) WFLYNAM0001: Activating Naming Subsystem
2025-06-07 10:20:08,446 INFO  [org.jboss.as.webservices] (ServerService Thread Pool -- 76) WFLYWS0002: Activating WebServices Extension
2025-06-07 10:20:08,454 INFO  [org.jboss.as.jaxrs] (ServerService Thread Pool -- 57) WFLYRS0016: RESTEasy version 6.2.12.Final
2025-06-07 10:20:08,472 INFO  [org.jboss.as.connector] (MSC service thread 1-3) WFLYJCA0009: Starting Jakarta Connectors Subsystem (WildFly/IronJacamar 3.0.13.Final)
2025-06-07 10:20:08,531 INFO  [org.jboss.as.server.deployment] (MSC service thread 1-5) WFLYSRV0027: Starting deployment of "bank.war" (runtime-name: "bank.war")
2025-06-07 10:20:08,546 INFO  [org.jboss.as.connector.subsystems.datasources] (ServerService Thread Pool -- 44) WFLYJCA0004: Deploying JDBC-compliant driver class org.h2.Driver (version 2.2)
2025-06-07 10:20:08,588 INFO  [org.wildfly.extension.undertow] (MSC service thread 1-6) WFLYUT0003: Undertow 2.3.18.Final starting
2025-06-07 10:20:08,591 INFO  [org.jboss.as.connector.deployers.jdbc] (MSC service thread 1-6) WFLYJCA0018: Started Driver service with driver-name = h2
2025-06-07 10:20:08,593 INFO  [org.jboss.as.naming] (MSC service thread 1-4) WFLYNAM0003: Starting Naming Service
2025-06-07 10:20:08,596 INFO  [org.jboss.as.mail.extension] (MSC service thread 1-4) WFLYMAIL0001: Bound mail session [java:jboss/mail/Default]
2025-06-07 10:20:08,625 INFO  [org.jboss.remoting] (MSC service thread 1-2) JBoss Remoting version 5.0.31.Final
2025-06-07 10:20:08,660 WARN  [org.wildfly.extension.elytron] (MSC service thread 1-4) WFLYELY00023: KeyStore file 'C:\Users\luizb\Documents\Estudos\JEE\wildfly-36.0.1.Final\standalone\configuration\application.keystore' does not exist. Used blank.
2025-06-07 10:20:08,720 WARN  [org.wildfly.extension.elytron] (MSC service thread 1-2) WFLYELY01084: KeyStore C:\Users\luizb\Documents\Estudos\JEE\wildfly-36.0.1.Final\standalone\configuration\application.keystore not found, it will be auto-generated on first use with a self-signed certificate for host localhost
2025-06-07 10:20:08,739 INFO  [org.wildfly.extension.undertow] (ServerService Thread Pool -- 75) WFLYUT0014: Creating file handler for path 'C:\Users\luizb\Documents\Estudos\JEE\wildfly-36.0.1.Final/welcome-content' with options [directory-listing: 'false', follow-symlink: 'false', case-sensitive: 'true', safe-symlink-paths: '[]']
2025-06-07 10:20:08,749 INFO  [org.jboss.as.ejb3] (MSC service thread 1-1) WFLYEJB0481: Strict pool slsb-strict-max-pool is using a max instance size of 192 (per class), which is derived from thread worker pool sizing.
2025-06-07 10:20:08,749 INFO  [org.jboss.as.ejb3] (MSC service thread 1-4) WFLYEJB0482: Strict pool mdb-strict-max-pool is using a max instance size of 48 (per class), which is derived from the number of CPUs on this host.
2025-06-07 10:20:08,792 INFO  [org.wildfly.extension.undertow] (MSC service thread 1-6) WFLYUT0012: Started server default-server.
2025-06-07 10:20:08,795 INFO  [org.wildfly.extension.undertow] (MSC service thread 1-2) Queuing requests.
2025-06-07 10:20:08,799 INFO  [org.wildfly.extension.undertow] (MSC service thread 1-2) WFLYUT0018: Host default-host starting
2025-06-07 10:20:08,945 INFO  [org.wildfly.extension.undertow] (MSC service thread 1-6) WFLYUT0006: Undertow HTTP listener default listening on 127.0.0.1:8080
2025-06-07 10:20:09,019 INFO  [org.wildfly.extension.undertow] (MSC service thread 1-5) WFLYUT0006: Undertow HTTPS listener https listening on 127.0.0.1:8443
2025-06-07 10:20:09,043 INFO  [org.jboss.as.server.deployment.scanner] (MSC service thread 1-5) WFLYDS0013: Started FileSystemDeploymentService for directory C:\Users\luizb\Documents\Estudos\JEE\wildfly-36.0.1.Final\standalone\deployments
2025-06-07 10:20:09,096 INFO  [org.jboss.as.ejb3] (MSC service thread 1-5) WFLYEJB0493: Jakarta Enterprise Beans subsystem suspension complete
2025-06-07 10:20:09,164 INFO  [org.jboss.as.connector.subsystems.datasources] (MSC service thread 1-3) WFLYJCA0001: Bound data source [java:jboss/datasources/ExampleDS]
2025-06-07 10:20:09,172 INFO  [org.jboss.ws.common.management] (MSC service thread 1-1) JBWS022052: Starting JBossWS 7.3.1.Final (Apache CXF 4.0.6) 
2025-06-07 10:20:09,916 INFO  [org.wildfly.extension.undertow] (ServerService Thread Pool -- 79) WFLYUT0021: Registered web context: '/bank' for server 'default-server'
2025-06-07 10:20:09,964 INFO  [org.jboss.as.server] (ServerService Thread Pool -- 45) WFLYSRV0010: Deployed "bank.war" (runtime-name : "bank.war")
2025-06-07 10:20:10,006 INFO  [org.jboss.as.server] (Controller Boot Thread) WFLYSRV0212: Resuming server
2025-06-07 10:20:10,013 INFO  [org.jboss.as] (Controller Boot Thread) WFLYSRV0060: Http management interface listening on http://127.0.0.1:9990/management
2025-06-07 10:20:10,014 INFO  [org.jboss.as] (Controller Boot Thread) WFLYSRV0051: Admin console listening on http://127.0.0.1:9990
2025-06-07 10:20:10,015 INFO  [org.jboss.as] (Controller Boot Thread) WFLYSRV0025: WildFly 36.0.1.Final (WildFly Core 28.0.1.Final) started in 4508ms - Started 401 of 608 services (328 services are lazy, passive or on-demand) - Server configuration file in use: standalone.xml - Minimum feature stability level: community
2025-06-07 10:21:31,349 INFO  [org.jboss.as.server] (Thread-1) WFLYSRV0272: Suspending server
2025-06-07 10:21:31,352 INFO  [org.jboss.as.ejb3] (Thread-1) WFLYEJB0493: Jakarta Enterprise Beans subsystem suspension complete
2025-06-07 10:21:31,353 INFO  [org.jboss.as.server] (Thread-1) WFLYSRV0220: Server shutdown has been requested via an OS signal
2025-06-07 10:21:31,361 INFO  [org.jboss.as.mail.extension] (MSC service thread 1-7) WFLYMAIL0002: Unbound mail session [java:jboss/mail/Default]
2025-06-07 10:21:31,365 INFO  [org.wildfly.extension.undertow] (ServerService Thread Pool -- 83) WFLYUT0022: Unregistered web context: '/bank' from server 'default-server'
2025-06-07 10:21:31,368 INFO  [org.wildfly.extension.undertow] (MSC service thread 1-3) WFLYUT0019: Host default-host stopping
2025-06-07 10:21:31,369 INFO  [org.jboss.as.connector.subsystems.datasources] (MSC service thread 1-2) WFLYJCA0010: Unbound data source [java:jboss/datasources/ExampleDS]
2025-06-07 10:21:31,370 INFO  [org.jboss.as.connector.deployers.jdbc] (MSC service thread 1-4) WFLYJCA0019: Stopped Driver service with driver-name = h2
2025-06-07 10:21:31,391 INFO  [org.wildfly.extension.undertow] (MSC service thread 1-5) WFLYUT0008: Undertow HTTP listener default suspending
2025-06-07 10:21:31,391 INFO  [org.wildfly.extension.undertow] (MSC service thread 1-8) WFLYUT0008: Undertow HTTPS listener https suspending
2025-06-07 10:21:31,392 INFO  [org.wildfly.extension.undertow] (MSC service thread 1-5) WFLYUT0007: Undertow HTTP listener default stopped, was bound to 127.0.0.1:8080
2025-06-07 10:21:31,392 INFO  [org.wildfly.extension.undertow] (MSC service thread 1-8) WFLYUT0007: Undertow HTTPS listener https stopped, was bound to 127.0.0.1:8443
2025-06-07 10:21:31,394 INFO  [org.wildfly.extension.undertow] (MSC service thread 1-8) WFLYUT0004: Undertow 2.3.18.Final stopping
2025-06-07 10:21:31,399 INFO  [org.jboss.as.server.deployment] (MSC service thread 1-5) WFLYSRV0028: Stopped deployment bank.war (runtime-name: bank.war) in 42ms
2025-06-07 10:21:31,404 INFO  [org.jboss.as] (MSC service thread 1-6) WFLYSRV0050: WildFly 36.0.1.Final (WildFly Core 28.0.1.Final) stopped in 46ms
2025-06-07 10:23:37,187 INFO  [org.jboss.modules] (main) JBoss Modules version 2.1.6.Final
2025-06-07 10:23:37,646 INFO  [org.jboss.msc] (main) JBoss MSC version 1.5.5.Final
2025-06-07 10:23:37,658 INFO  [org.jboss.threads] (main) JBoss Threads version 2.4.0.Final
2025-06-07 10:23:37,744 INFO  [org.jboss.as] (MSC service thread 1-3) WFLYSRV0049: WildFly 36.0.1.Final (WildFly Core 28.0.1.Final) starting
2025-06-07 10:23:37,746 DEBUG [org.jboss.as.config] (MSC service thread 1-3) Configured system properties:
	file.encoding = UTF-8
	file.separator = \
	java.awt.headless = true
	java.class.path = C:\Users\luizb\Documents\Estudos\JEE\wildfly-36.0.1.Final\jboss-modules.jar
	java.class.version = 65.0
	java.home = C:\Program Files\Java\jdk-21
	java.io.tmpdir = C:\Users\luizb\AppData\Local\Temp\
	java.library.path = C:\Program Files\Java\jdk-21\bin;C:\WINDOWS\Sun\Java\bin;C:\WINDOWS\system32;C:\WINDOWS;C:\Program Files\Common Files\Oracle\Java\javapath;C:\WINDOWS\system32;C:\WINDOWS;C:\WINDOWS\System32\Wbem;C:\WINDOWS\System32\WindowsPowerShell\v1.0\;C:\WINDOWS\System32\OpenSSH\;C:\Program Files\Git\cmd;C:\Program Files\Java\jdk-21\bin;C:\Program Files\Maven\apache-maven-3.9.9\bin;C:\Users\luizb\AppData\Local\Programs\Python\Launcher\;C:\Users\luizb\AppData\Local\Microsoft\WindowsApps;;.
	java.net.preferIPv4Stack = true
	java.runtime.name = Java(TM) SE Runtime Environment
	java.runtime.version = 21.0.7+8-LTS-245
	java.specification.name = Java Platform API Specification
	java.specification.vendor = Oracle Corporation
	java.specification.version = 21
	java.util.logging.manager = org.jboss.logmanager.LogManager
	java.vendor = Oracle Corporation
	java.vendor.url = https://java.oracle.com/
	java.vendor.url.bug = https://bugreport.java.com/bugreport/
	java.version = 21.0.7
	java.version.date = 2025-04-15
	java.vm.compressedOopsMode = 32-bit
	java.vm.info = mixed mode, sharing
	java.vm.name = Java HotSpot(TM) 64-Bit Server VM
	java.vm.specification.name = Java Virtual Machine Specification
	java.vm.specification.vendor = Oracle Corporation
	java.vm.specification.version = 21
	java.vm.vendor = Oracle Corporation
	java.vm.version = 21.0.7+8-LTS-245
	javax.management.builder.initial = org.jboss.as.jmx.PluggableMBeanServerBuilder
	jboss.home.dir = C:\Users\luizb\Documents\Estudos\JEE\wildfly-36.0.1.Final
	jboss.host.name = sexta-feira
	jboss.modules.system.pkgs = org.jboss.byteman
	jboss.node.name = sexta-feira
	jboss.qualified.host.name = sexta-feira
	jboss.server.base.dir = C:\Users\luizb\Documents\Estudos\JEE\wildfly-36.0.1.Final\standalone
	jboss.server.config.dir = C:\Users\luizb\Documents\Estudos\JEE\wildfly-36.0.1.Final\standalone\configuration
	jboss.server.data.dir = C:\Users\luizb\Documents\Estudos\JEE\wildfly-36.0.1.Final\standalone\data
	jboss.server.log.dir = C:\Users\luizb\Documents\Estudos\JEE\wildfly-36.0.1.Final\standalone\log
	jboss.server.name = sexta-feira
	jboss.server.persist.config = true
	jboss.server.temp.dir = C:\Users\luizb\Documents\Estudos\JEE\wildfly-36.0.1.Final\standalone\tmp
	jdk.debug = release
	jdk.serialFilter = maxbytes=10485760;maxdepth=128;maxarray=100000;maxrefs=300000
	line.separator = 

	logging.configuration = file:C:\Users\luizb\Documents\Estudos\JEE\wildfly-36.0.1.Final\standalone\configuration/logging.properties
	module.path = C:\Users\luizb\Documents\Estudos\JEE\wildfly-36.0.1.Final\modules
	native.encoding = Cp1252
	org.jboss.boot.log.file = C:\Users\luizb\Documents\Estudos\JEE\wildfly-36.0.1.Final\standalone\log\server.log
	org.jboss.resolver.warning = true
	os.arch = amd64
	os.name = Windows 11
	os.version = 10.0
	path.separator = ;
	program.name = standalone.bat
	stderr.encoding = cp850
	stdout.encoding = cp850
	sun.arch.data.model = 64
	sun.boot.library.path = C:\Program Files\Java\jdk-21\bin
	sun.cpu.endian = little
	sun.cpu.isalist = amd64
	sun.io.unicode.encoding = UnicodeLittle
	sun.java.command = C:\Users\luizb\Documents\Estudos\JEE\wildfly-36.0.1.Final\jboss-modules.jar -mp C:\Users\luizb\Documents\Estudos\JEE\wildfly-36.0.1.Final\modules org.jboss.as.standalone -Djboss.home.dir=C:\Users\luizb\Documents\Estudos\JEE\wildfly-36.0.1.Final
	sun.java.launcher = SUN_STANDARD
	sun.jnu.encoding = Cp1252
	sun.management.compiler = HotSpot 64-Bit Tiered Compilers
	sun.os.patch.level = 
	user.country = BR
	user.dir = C:\Users\luizb\Documents\Estudos\JEE\wildfly-36.0.1.Final\bin
	user.home = C:\Users\luizb
	user.language = pt
	user.name = luizb
	user.script = 
	user.timezone = America/Sao_Paulo
	user.variant = 
2025-06-07 10:23:37,746 DEBUG [org.jboss.as.config] (MSC service thread 1-3) VM Arguments: -Dprogram.name=standalone.bat -Xms64M -Xmx512M -Djava.net.preferIPv4Stack=true -Djboss.modules.system.pkgs=org.jboss.byteman -Djava.awt.headless=true -Djdk.serialFilter=maxbytes=10485760;maxdepth=128;maxarray=100000;maxrefs=300000 --add-exports=java.desktop/sun.awt=ALL-UNNAMED --add-exports=java.naming/com.sun.jndi.ldap=ALL-UNNAMED --add-exports=java.naming/com.sun.jndi.url.ldap=ALL-UNNAMED --add-exports=java.naming/com.sun.jndi.url.ldaps=ALL-UNNAMED --add-exports=jdk.naming.dns/com.sun.jndi.dns=ALL-UNNAMED --add-opens=java.base/java.lang=ALL-UNNAMED --add-opens=java.base/java.lang.invoke=ALL-UNNAMED --add-opens=java.base/java.lang.reflect=ALL-UNNAMED --add-opens=java.base/java.io=ALL-UNNAMED --add-opens=java.base/java.net=ALL-UNNAMED --add-opens=java.base/java.security=ALL-UNNAMED --add-opens=java.base/java.util=ALL-UNNAMED --add-opens=java.base/java.util.concurrent=ALL-UNNAMED --add-opens=java.management/javax.management=ALL-UNNAMED --add-opens=java.naming/javax.naming=ALL-UNNAMED -Dorg.jboss.boot.log.file=C:\Users\luizb\Documents\Estudos\JEE\wildfly-36.0.1.Final\standalone\log\server.log -Dlogging.configuration=file:C:\Users\luizb\Documents\Estudos\JEE\wildfly-36.0.1.Final\standalone\configuration/logging.properties 
2025-06-07 10:23:38,465 INFO  [org.wildfly.security] (Controller Boot Thread) ELY00001: WildFly Elytron version 2.6.4.Final
2025-06-07 10:23:39,100 INFO  [org.jboss.as.server] (Controller Boot Thread) WFLYSRV0039: Creating http management service using socket-binding (management-http)
2025-06-07 10:23:39,115 INFO  [org.xnio] (MSC service thread 1-5) XNIO version 3.8.16.Final
2025-06-07 10:23:39,122 INFO  [org.xnio.nio] (MSC service thread 1-5) XNIO NIO Implementation Version 3.8.16.Final
2025-06-07 10:23:39,160 INFO  [org.wildfly.extension.elytron.oidc._private] (ServerService Thread Pool -- 53) WFLYOIDC0001: Activating WildFly Elytron OIDC Subsystem
2025-06-07 10:23:39,162 INFO  [org.jboss.as.clustering.infinispan] (ServerService Thread Pool -- 55) WFLYCLINF0001: Activating Infinispan subsystem.
2025-06-07 10:23:39,165 INFO  [org.wildfly.extension.health] (ServerService Thread Pool -- 54) WFLYHEALTH0001: Activating Base Health Subsystem
2025-06-07 10:23:39,169 WARN  [org.jboss.as.txn] (ServerService Thread Pool -- 74) WFLYTX0013: The node-identifier attribute on the /subsystem=transactions is set to the default value. This is a danger for environments running multiple servers. Please make sure the attribute value is unique.
2025-06-07 10:23:39,169 INFO  [org.wildfly.extension.microprofile.jwt.smallrye] (ServerService Thread Pool -- 66) WFLYJWT0001: Activating MicroProfile JWT Subsystem
2025-06-07 10:23:39,171 INFO  [org.wildfly.extension.microprofile.config.smallrye] (ServerService Thread Pool -- 65) WFLYCONF0001: Activating MicroProfile Config Subsystem
2025-06-07 10:23:39,178 INFO  [org.jboss.as.jsf] (ServerService Thread Pool -- 62) WFLYJSF0007: Activated the following Jakarta Server Faces Implementations: [main]
2025-06-07 10:23:39,218 INFO  [org.wildfly.extension.io] (ServerService Thread Pool -- 56) WFLYIO001: Worker 'default' has auto-configured to 24 IO threads with 192 max task threads based on your 12 available processors
2025-06-07 10:23:39,218 INFO  [org.jboss.as.naming] (ServerService Thread Pool -- 67) WFLYNAM0001: Activating Naming Subsystem
2025-06-07 10:23:39,219 INFO  [org.jboss.as.webservices] (ServerService Thread Pool -- 76) WFLYWS0002: Activating WebServices Extension
2025-06-07 10:23:39,226 INFO  [org.jboss.as.jaxrs] (ServerService Thread Pool -- 57) WFLYRS0016: RESTEasy version 6.2.12.Final
2025-06-07 10:23:39,227 INFO  [org.wildfly.extension.metrics] (ServerService Thread Pool -- 64) WFLYMETRICS0001: Activating Base Metrics Subsystem
2025-06-07 10:23:39,244 INFO  [org.jboss.as.connector] (MSC service thread 1-4) WFLYJCA0009: Starting Jakarta Connectors Subsystem (WildFly/IronJacamar 3.0.13.Final)
2025-06-07 10:23:39,302 INFO  [org.jboss.as.server.deployment] (MSC service thread 1-1) WFLYSRV0027: Starting deployment of "bank.war" (runtime-name: "bank.war")
2025-06-07 10:23:39,315 INFO  [org.jboss.as.connector.subsystems.datasources] (ServerService Thread Pool -- 44) WFLYJCA0004: Deploying JDBC-compliant driver class org.h2.Driver (version 2.2)
2025-06-07 10:23:39,347 INFO  [org.wildfly.extension.undertow] (MSC service thread 1-1) WFLYUT0003: Undertow 2.3.18.Final starting
2025-06-07 10:23:39,349 INFO  [org.jboss.as.connector.deployers.jdbc] (MSC service thread 1-6) WFLYJCA0018: Started Driver service with driver-name = h2
2025-06-07 10:23:39,349 INFO  [org.jboss.remoting] (MSC service thread 1-3) JBoss Remoting version 5.0.31.Final
2025-06-07 10:23:39,350 INFO  [org.jboss.as.naming] (MSC service thread 1-7) WFLYNAM0003: Starting Naming Service
2025-06-07 10:23:39,381 INFO  [org.jboss.as.mail.extension] (MSC service thread 1-6) WFLYMAIL0001: Bound mail session [java:jboss/mail/Default]
2025-06-07 10:23:39,417 WARN  [org.wildfly.extension.elytron] (MSC service thread 1-6) WFLYELY00023: KeyStore file 'C:\Users\luizb\Documents\Estudos\JEE\wildfly-36.0.1.Final\standalone\configuration\application.keystore' does not exist. Used blank.
2025-06-07 10:23:39,461 WARN  [org.wildfly.extension.elytron] (MSC service thread 1-1) WFLYELY01084: KeyStore C:\Users\luizb\Documents\Estudos\JEE\wildfly-36.0.1.Final\standalone\configuration\application.keystore not found, it will be auto-generated on first use with a self-signed certificate for host localhost
2025-06-07 10:23:39,485 INFO  [org.wildfly.extension.undertow] (ServerService Thread Pool -- 75) WFLYUT0014: Creating file handler for path 'C:\Users\luizb\Documents\Estudos\JEE\wildfly-36.0.1.Final/welcome-content' with options [directory-listing: 'false', follow-symlink: 'false', case-sensitive: 'true', safe-symlink-paths: '[]']
2025-06-07 10:23:39,559 INFO  [org.wildfly.extension.undertow] (MSC service thread 1-2) WFLYUT0012: Started server default-server.
2025-06-07 10:23:39,569 INFO  [org.wildfly.extension.undertow] (MSC service thread 1-5) Queuing requests.
2025-06-07 10:23:39,573 INFO  [org.wildfly.extension.undertow] (MSC service thread 1-5) WFLYUT0018: Host default-host starting
2025-06-07 10:23:39,612 INFO  [org.jboss.as.ejb3] (MSC service thread 1-7) WFLYEJB0482: Strict pool mdb-strict-max-pool is using a max instance size of 48 (per class), which is derived from the number of CPUs on this host.
2025-06-07 10:23:39,612 INFO  [org.jboss.as.ejb3] (MSC service thread 1-1) WFLYEJB0481: Strict pool slsb-strict-max-pool is using a max instance size of 192 (per class), which is derived from thread worker pool sizing.
2025-06-07 10:23:39,675 INFO  [org.wildfly.extension.undertow] (MSC service thread 1-2) WFLYUT0006: Undertow HTTP listener default listening on 127.0.0.1:8080
2025-06-07 10:23:39,733 INFO  [org.wildfly.extension.undertow] (MSC service thread 1-2) WFLYUT0006: Undertow HTTPS listener https listening on 127.0.0.1:8443
2025-06-07 10:23:39,739 INFO  [org.jboss.as.server.deployment.scanner] (MSC service thread 1-6) WFLYDS0013: Started FileSystemDeploymentService for directory C:\Users\luizb\Documents\Estudos\JEE\wildfly-36.0.1.Final\standalone\deployments
2025-06-07 10:23:39,762 INFO  [org.jboss.as.ejb3] (MSC service thread 1-2) WFLYEJB0493: Jakarta Enterprise Beans subsystem suspension complete
2025-06-07 10:23:39,822 INFO  [org.jboss.as.connector.subsystems.datasources] (MSC service thread 1-8) WFLYJCA0001: Bound data source [java:jboss/datasources/ExampleDS]
2025-06-07 10:23:39,835 INFO  [org.jboss.ws.common.management] (MSC service thread 1-4) JBWS022052: Starting JBossWS 7.3.1.Final (Apache CXF 4.0.6) 
2025-06-07 10:23:40,485 INFO  [org.wildfly.extension.undertow] (ServerService Thread Pool -- 78) WFLYUT0021: Registered web context: '/bank' for server 'default-server'
2025-06-07 10:23:40,529 INFO  [org.jboss.as.server] (ServerService Thread Pool -- 45) WFLYSRV0010: Deployed "bank.war" (runtime-name : "bank.war")
2025-06-07 10:23:40,564 INFO  [org.jboss.as.server] (Controller Boot Thread) WFLYSRV0212: Resuming server
2025-06-07 10:23:40,570 INFO  [org.jboss.as] (Controller Boot Thread) WFLYSRV0060: Http management interface listening on http://127.0.0.1:9990/management
2025-06-07 10:23:40,571 INFO  [org.jboss.as] (Controller Boot Thread) WFLYSRV0051: Admin console listening on http://127.0.0.1:9990
2025-06-07 10:23:40,572 INFO  [org.jboss.as] (Controller Boot Thread) WFLYSRV0025: WildFly 36.0.1.Final (WildFly Core 28.0.1.Final) started in 3710ms - Started 401 of 608 services (328 services are lazy, passive or on-demand) - Server configuration file in use: standalone.xml - Minimum feature stability level: community
